2026-02-19T23:48:06: 
2026-02-19T23:48:06: Starting Instagram Watcher...
2026-02-19T23:48:06: Close the browser window to stop the watcher.
2026-02-19T23:48:08: Using Chrome: C:\Program Files\Google\Chrome\Application\chrome.exe
2026-02-19T23:48:09: 
2026-02-19T23:48:09: ==================================================
2026-02-19T23:48:09: INSTAGRAM MONITORING
2026-02-19T23:48:09: ==================================================
2026-02-19T23:48:09: Opening Instagram. Please log in if not already logged in.
2026-02-19T23:48:11: Waiting for Instagram login...
2026-02-19T23:48:14: Instagram Watcher error: Page.wait_for_timeout: Target page, context or browser has been closed
2026-02-19T23:48:14: 
2026-02-19T23:48:14: Watcher error: Page.wait_for_timeout: Target page, context or browser has been closed
2026-02-19T23:48:18: 
2026-02-19T23:48:18: Starting Instagram Watcher...
2026-02-19T23:48:18: Close the browser window to stop the watcher.
2026-02-19T23:48:20: Using Chrome: C:\Program Files\Google\Chrome\Application\chrome.exe
2026-02-19T23:48:20: 
2026-02-19T23:48:20: ==================================================
2026-02-19T23:48:20: INSTAGRAM MONITORING
2026-02-19T23:48:20: ==================================================
2026-02-19T23:48:20: Opening Instagram. Please log in if not already logged in.
2026-02-19T23:48:22: Waiting for Instagram login...
2026-02-19T23:48:27: Waiting for Instagram login...
2026-02-19T23:48:32: Waiting for Instagram login...
2026-02-19T23:48:37: Waiting for Instagram login...
2026-02-19T23:48:42: Waiting for Instagram login...
2026-02-19T23:48:47: Waiting for Instagram login...
2026-02-19T23:48:52: Waiting for Instagram login...
2026-02-19T23:48:57: Waiting for Instagram login...
2026-02-19T23:49:02: Waiting for Instagram login...
2026-02-19T23:49:07: Waiting for Instagram login...
2026-02-19T23:49:12: Waiting for Instagram login...
2026-02-19T23:49:17: Waiting for Instagram login...
2026-02-19T23:49:22: Waiting for Instagram login...
2026-02-19T23:49:28: Waiting for Instagram login...
2026-02-19T23:49:33: Waiting for Instagram login...
2026-02-19T23:49:38: Waiting for Instagram login...
2026-02-19T23:49:43: Waiting for Instagram login...
2026-02-19T23:49:48: Waiting for Instagram login...
2026-02-19T23:49:53: Waiting for Instagram login...
2026-02-19T23:49:58: Waiting for Instagram login...
2026-02-19T23:50:03: Waiting for Instagram login...
2026-02-19T23:50:08: Waiting for Instagram login...
2026-02-19T23:50:13: Waiting for Instagram login...
2026-02-19T23:50:18: Waiting for Instagram login...
2026-02-19T23:50:23: Waiting for Instagram login...
2026-02-19T23:50:28: Waiting for Instagram login...
2026-02-19T23:50:33: Waiting for Instagram login...
2026-02-19T23:50:38: Waiting for Instagram login...
2026-02-19T23:50:43: Waiting for Instagram login...
2026-02-19T23:50:48: Waiting for Instagram login...
2026-02-19T23:50:53: Waiting for Instagram login...
2026-02-19T23:50:58: Waiting for Instagram login...
2026-02-19T23:51:03: Waiting for Instagram login...
2026-02-19T23:51:08: Waiting for Instagram login...
2026-02-19T23:51:13: Waiting for Instagram login...
2026-02-19T23:51:18: Waiting for Instagram login...
2026-02-19T23:51:23: Timeout waiting for Instagram login. Please ensure you are logged in.
2026-02-19T23:51:23: 
2026-02-19T23:51:23: 
2026-02-19T23:51:23: Watcher error: Instagram login timeout
2026-02-19T23:51:28: 
2026-02-19T23:51:28: Starting Instagram Watcher...
2026-02-19T23:51:28: Close the browser window to stop the watcher.
2026-02-19T23:51:30: Using Chrome: C:\Program Files\Google\Chrome\Application\chrome.exe
2026-02-19T23:51:31: 
2026-02-19T23:51:31: ==================================================
2026-02-19T23:51:31: INSTAGRAM MONITORING
2026-02-19T23:51:31: ==================================================
2026-02-19T23:51:31: 
2026-02-19T23:51:32: Waiting for Instagram login...
2026-02-19T23:51:37: Instagram Watcher error: Page.wait_for_timeout: Target page, context or browser has been closed
2026-02-19T23:51:37: 
2026-02-19T23:51:37: 
2026-02-19T23:51:42: 
2026-02-19T23:51:42: Starting Instagram Watcher...
2026-02-19T23:51:42: Close the browser window to stop the watcher.
2026-02-19T23:51:44: Using Chrome: C:\Program Files\Google\Chrome\Application\chrome.exe
2026-02-19T23:51:45: 
2026-02-19T23:51:45: ==================================================
2026-02-19T23:51:45: INSTAGRAM MONITORING
2026-02-19T23:51:45: ==================================================
2026-02-19T23:51:45: Opening Instagram. Please log in if not already logged in.
2026-02-19T23:51:46: Waiting for Instagram login...
2026-02-19T23:51:51: Waiting for Instagram login...
2026-02-19T23:51:56: Waiting for Instagram login...
2026-02-19T23:52:01: Waiting for Instagram login...
2026-02-19T23:52:06: Waiting for Instagram login...
2026-02-19T23:52:11: Waiting for Instagram login...
2026-02-19T23:52:16: Waiting for Instagram login...
2026-02-19T23:52:21: Waiting for Instagram login...
2026-02-19T23:52:26: Waiting for Instagram login...
2026-02-19T23:52:32: Waiting for Instagram login...
2026-02-19T23:52:37: Waiting for Instagram login...
2026-02-19T23:52:42: Waiting for Instagram login...
2026-02-19T23:52:47: Waiting for Instagram login...
2026-02-19T23:52:52: Waiting for Instagram login...
2026-02-19T23:52:57: Waiting for Instagram login...
2026-02-19T23:53:02: Waiting for Instagram login...
2026-02-19T23:53:07: Waiting for Instagram login...
2026-02-19T23:53:12: Waiting for Instagram login...
2026-02-19T23:53:17: Waiting for Instagram login...
2026-02-19T23:53:22: Waiting for Instagram login...
2026-02-19T23:53:27: Waiting for Instagram login...
2026-02-19T23:53:32: Waiting for Instagram login...
2026-02-19T23:53:37: Waiting for Instagram login...
2026-02-19T23:53:42: Waiting for Instagram login...
2026-02-19T23:53:47: Waiting for Instagram login...
2026-02-19T23:53:52: Waiting for Instagram login...
2026-02-19T23:53:57: Waiting for Instagram login...
2026-02-19T23:54:02: Waiting for Instagram login...
2026-02-19T23:54:08: Waiting for Instagram login...
2026-02-19T23:54:13: Waiting for Instagram login...
2026-02-19T23:54:18: Waiting for Instagram login...
2026-02-19T23:54:23: Waiting for Instagram login...
2026-02-19T23:54:28: Waiting for Instagram login...
2026-02-19T23:54:33: Waiting for Instagram login...
2026-02-19T23:54:38: Waiting for Instagram login...
2026-02-19T23:54:43: Waiting for Instagram login...
2026-02-19T23:54:48: Timeout waiting for Instagram login. Please ensure you are logged in.
2026-02-19T23:54:48: Instagram Watcher error: Instagram login timeout
2026-02-19T23:54:48: 
2026-02-19T23:54:48: Watcher error: Instagram login timeout
2026-02-19T23:54:53: 
2026-02-19T23:54:53: Starting Instagram Watcher...
2026-02-19T23:54:53: Close the browser window to stop the watcher.
2026-02-19T23:54:54: Using Chrome: C:\Program Files\Google\Chrome\Application\chrome.exe
2026-02-19T23:54:55: 
2026-02-19T23:54:55: ==================================================
2026-02-19T23:54:55: INSTAGRAM MONITORING
2026-02-19T23:54:55: ==================================================
2026-02-19T23:54:55: Opening Instagram. Please log in if not already logged in.
2026-02-19T23:54:56: Waiting for Instagram login...
2026-02-19T23:55:01: Waiting for Instagram login...
2026-02-19T23:55:06: Waiting for Instagram login...
2026-02-19T23:55:11: Waiting for Instagram login...
2026-02-19T23:55:16: Waiting for Instagram login...
